<?xml version="1.0" encoding="UTF-8"?>
<!-- Generated by org.testng.reporters.JUnitXMLReporter -->
<testsuite ignored="1" hostname="DESKTOP-TF4DP7M" failures="0" tests="2" name="ErrorValidation" time="27.43" errors="0" timestamp="2024-02-11T00:43:26 IST">
  <testcase classname="TestingPractisecompany.Tests.ErrorValidationTest" name="cataloguepagPagerrorValidation" time="1.799"/>
  <testcase classname="TestingPractisecompany.Tests.ErrorValidationTest" name="cataloguepagPagerrorValidation" time="1.961"/>
  <testcase classname="TestingPractisecompany.Tests.ErrorValidationTest" name="loginPagerrorValidation" time="0.0">
    <ignored/>
  </testcase> <!-- loginPagerrorValidation -->
</testsuite> <!-- ErrorValidation -->
