<?xml version="1.0" encoding="UTF-8"?>
<!-- Generated by org.testng.reporters.JUnitXMLReporter -->
<testsuite ignored="2" hostname="DESKTOP-TF4DP7M" failures="0" tests="0" time="0.019" errors="0" timestamp="2024-02-11T00:42:59 IST">
  <testcase classname="TestingPractisecompany.Tests.StandAloneTest2" name="submitTest" time="0.0">
    <ignored/>
  </testcase> <!-- submitTest -->
  <testcase classname="TestingPractisecompany.Tests.StandAloneTest2" name="odersDisplay" time="0.0">
    <ignored/>
  </testcase> <!-- odersDisplay -->
</testsuite>
